<?xml version="1.0" encoding="UTF-8"?>
<coverage generated="1747141250162" clover="3.2.0">
  <project timestamp="1747141250162" name="All files">
    <metrics statements="28" coveredstatements="26" conditionals="6" coveredconditionals="4" methods="10" coveredmethods="8" elements="44" coveredelements="38" complexity="0" loc="28" ncloc="28" packages="1" files="3" classes="3"/>
    <file name="SearchBar.tsx" path="/Users/ezeugwadavid/Documents/test-projects/auto-chek-test/user-dashboard/src/components/SearchBar.tsx">
      <metrics statements="6" coveredstatements="6" conditionals="0" coveredconditionals="0" methods="2" coveredmethods="2"/>
      <line num="2" count="1" type="stmt"/>
      <line num="5" count="1" type="stmt"/>
      <line num="12" count="1" type="stmt"/>
      <line num="13" count="2" type="stmt"/>
      <line num="18" count="1" type="stmt"/>
      <line num="23" count="1" type="stmt"/>
    </file>
    <file name="UserDetail.tsx" path="/Users/ezeugwadavid/Documents/test-projects/auto-chek-test/user-dashboard/src/components/UserDetail.tsx">
      <metrics statements="5" coveredstatements="5" conditionals="0" coveredconditionals="0" methods="1" coveredmethods="1"/>
      <line num="2" count="2" type="stmt"/>
      <line num="4" count="2" type="stmt"/>
      <line num="8" count="2" type="stmt"/>
      <line num="9" count="1" type="stmt"/>
      <line num="17" count="2" type="stmt"/>
    </file>
    <file name="UserList.tsx" path="/Users/ezeugwadavid/Documents/test-projects/auto-chek-test/user-dashboard/src/components/UserList.tsx">
      <metrics statements="17" coveredstatements="15" conditionals="6" coveredconditionals="4" methods="7" coveredmethods="5"/>
      <line num="2" count="1" type="stmt"/>
      <line num="4" count="1" type="stmt"/>
      <line num="6" count="1" type="stmt"/>
      <line num="10" count="1" type="stmt"/>
      <line num="11" count="3" type="stmt"/>
      <line num="12" count="3" type="stmt"/>
      <line num="19" count="1" type="stmt"/>
      <line num="25" count="1" type="stmt"/>
      <line num="29" count="1" type="stmt"/>
      <line num="30" count="5" type="cond" truecount="1" falsecount="0"/>
      <line num="31" count="4" type="cond" truecount="1" falsecount="0"/>
      <line num="33" count="3" type="stmt"/>
      <line num="36" count="3" type="stmt"/>
      <line num="39" count="1" type="stmt"/>
      <line num="47" count="0" type="stmt"/>
      <line num="48" count="0" type="stmt"/>
      <line num="54" count="1" type="stmt"/>
    </file>
  </project>
</coverage>
