<?xml version="1.0" encoding="UTF-8"?>
<coverage generated="1747221804526" clover="3.2.0">
  <project timestamp="1747221804526" name="All files">
    <metrics statements="28" coveredstatements="26" conditionals="8" coveredconditionals="5" methods="10" coveredmethods="8" elements="46" coveredelements="39" complexity="0" loc="28" ncloc="28" packages="1" files="3" classes="3"/>
    <file name="SearchBar.tsx" path="/Users/ezeugwadavid/Documents/test-projects/auto-chek-test/user-dashboard/src/components/SearchBar.tsx">
      <metrics statements="6" coveredstatements="6" conditionals="0" coveredconditionals="0" methods="2" coveredmethods="2"/>
      <line num="2" count="1" type="stmt"/>
      <line num="5" count="1" type="stmt"/>
      <line num="12" count="1" type="stmt"/>
      <line num="13" count="2" type="stmt"/>
      <line num="18" count="1" type="stmt"/>
      <line num="23" count="1" type="stmt"/>
    </file>
    <file name="UserDetail.tsx" path="/Users/ezeugwadavid/Documents/test-projects/auto-chek-test/user-dashboard/src/components/UserDetail.tsx">
      <metrics statements="5" coveredstatements="5" conditionals="0" coveredconditionals="0" methods="1" coveredmethods="1"/>
      <line num="2" count="2" type="stmt"/>
      <line num="4" count="2" type="stmt"/>
      <line num="8" count="2" type="stmt"/>
      <line num="9" count="1" type="stmt"/>
      <line num="17" count="2" type="stmt"/>
    </file>
    <file name="UserList.tsx" path="/Users/ezeugwadavid/Documents/test-projects/auto-chek-test/user-dashboard/src/components/UserList.tsx">
      <metrics statements="17" coveredstatements="15" conditionals="8" coveredconditionals="5" methods="7" coveredmethods="5"/>
      <line num="2" count="1" type="stmt"/>
      <line num="4" count="1" type="stmt"/>
      <line num="6" count="1" type="stmt"/>
      <line num="16" count="1" type="stmt"/>
      <line num="17" count="3" type="stmt"/>
      <line num="18" count="3" type="stmt"/>
      <line num="25" count="1" type="stmt"/>
      <line num="31" count="1" type="stmt"/>
      <line num="35" count="1" type="stmt"/>
      <line num="44" count="5" type="cond" truecount="1" falsecount="0"/>
      <line num="45" count="4" type="cond" truecount="1" falsecount="0"/>
      <line num="47" count="3" type="stmt"/>
      <line num="51" count="3" type="stmt"/>
      <line num="55" count="1" type="stmt"/>
      <line num="70" count="0" type="stmt"/>
      <line num="76" count="0" type="stmt"/>
      <line num="85" count="1" type="stmt"/>
    </file>
  </project>
</coverage>
