{"/Users/ezeugwadavid/Documents/test-projects/auto-chek-test/user-dashboard/src/components/SearchBar.tsx": {"path":"/Users/ezeugwadavid/Documents/test-projects/auto-chek-test/user-dashboard/src/components/SearchBar.tsx","statementMap":{"0":{"start":{"line":2,"column":0},"end":{"line":2,"column":39}},"1":{"start":{"line":5,"column":14},"end":{"line":10,"column":2}},"2":{"start":{"line":12,"column":41},"end":{"line":21,"column":1}},"3":{"start":{"line":13,"column":2},"end":{"line":20,"column":4}},"4":{"start":{"line":18,"column":23},"end":{"line":18,"column":53}},"5":{"start":{"line":23,"column":0},"end":{"line":23,"column":25}}},"fnMap":{"0":{"name":"(anonymous_1)","decl":{"start":{"line":12,"column":41},"end":{"line":12,"column":42}},"loc":{"start":{"line":12,"column":78},"end":{"line":21,"column":1}}},"1":{"name":"(anonymous_2)","decl":{"start":{"line":18,"column":16},"end":{"line":18,"column":17}},"loc":{"start":{"line":18,"column":23},"end":{"line":18,"column":53}}}},"branchMap":{},"s":{"0":1,"1":1,"2":1,"3":2,"4":1,"5":1},"f":{"0":2,"1":1},"b":{}}
,"/Users/ezeugwadavid/Documents/test-projects/auto-chek-test/user-dashboard/src/components/UserDetail.tsx": {"path":"/Users/ezeugwadavid/Documents/test-projects/auto-chek-test/user-dashboard/src/components/UserDetail.tsx","statementMap":{"0":{"start":{"line":2,"column":0},"end":{"line":2,"column":39}},"1":{"start":{"line":4,"column":15},"end":{"line":6,"column":2}},"2":{"start":{"line":8,"column":44},"end":{"line":14,"column":null}},"3":{"start":{"line":9,"column":2},"end":{"line":13,"column":null}},"4":{"start":{"line":17,"column":0},"end":{"line":17,"column":26}}},"fnMap":{"0":{"name":"(anonymous_1)","decl":{"start":{"line":8,"column":44},"end":{"line":8,"column":45}},"loc":{"start":{"line":9,"column":2},"end":{"line":13,"column":null}}}},"branchMap":{},"s":{"0":2,"1":2,"2":2,"3":1,"4":2},"f":{"0":1},"b":{}}
,"/Users/ezeugwadavid/Documents/test-projects/auto-chek-test/user-dashboard/src/components/UserList.tsx": {"path":"/Users/ezeugwadavid/Documents/test-projects/auto-chek-test/user-dashboard/src/components/UserList.tsx","statementMap":{"0":{"start":{"line":2,"column":0},"end":{"line":2,"column":38}},"1":{"start":{"line":4,"column":0},"end":{"line":4,"column":39}},"2":{"start":{"line":6,"column":18},"end":{"line":14,"column":2}},"3":{"start":{"line":16,"column":17},"end":{"line":23,"column":2}},"4":{"start":{"line":17,"column":31},"end":{"line":17,"column":47}},"5":{"start":{"line":18,"column":26},"end":{"line":18,"column":36}},"6":{"start":{"line":25,"column":19},"end":{"line":29,"column":2}},"7":{"start":{"line":31,"column":15},"end":{"line":33,"column":2}},"8":{"start":{"line":35,"column":42},"end":{"line":62,"column":1}},"9":{"start":{"line":36,"column":2},"end":{"line":36,"column":42}},"10":{"start":{"line":36,"column":17},"end":{"line":36,"column":42}},"11":{"start":{"line":37,"column":2},"end":{"line":37,"column":50}},"12":{"start":{"line":37,"column":15},"end":{"line":37,"column":50}},"13":{"start":{"line":39,"column":2},"end":{"line":61,"column":4}},"14":{"start":{"line":42,"column":8},"end":{"line":42,"column":null}},"15":{"start":{"line":45,"column":35},"end":{"line":45,"column":56}},"16":{"start":{"line":57,"column":60},"end":{"line":57,"column":104}},"17":{"start":{"line":58,"column":60},"end":{"line":58,"column":91}},"18":{"start":{"line":64,"column":0},"end":{"line":64,"column":24}}},"fnMap":{"0":{"name":"(anonymous_1)","decl":{"start":{"line":17,"column":16},"end":{"line":17,"column":17}},"loc":{"start":{"line":17,"column":31},"end":{"line":17,"column":47}}},"1":{"name":"(anonymous_2)","decl":{"start":{"line":18,"column":11},"end":{"line":18,"column":12}},"loc":{"start":{"line":18,"column":26},"end":{"line":18,"column":36}}},"2":{"name":"(anonymous_3)","decl":{"start":{"line":35,"column":42},"end":{"line":35,"column":43}},"loc":{"start":{"line":35,"column":135},"end":{"line":62,"column":1}}},"3":{"name":"(anonymous_4)","decl":{"start":{"line":41,"column":38},"end":{"line":41,"column":42}},"loc":{"start":{"line":42,"column":8},"end":{"line":42,"column":null}}},"4":{"name":"(anonymous_5)","decl":{"start":{"line":45,"column":29},"end":{"line":45,"column":32}},"loc":{"start":{"line":45,"column":35},"end":{"line":45,"column":56}}},"5":{"name":"(anonymous_6)","decl":{"start":{"line":57,"column":54},"end":{"line":57,"column":57}},"loc":{"start":{"line":57,"column":60},"end":{"line":57,"column":104}}},"6":{"name":"(anonymous_7)","decl":{"start":{"line":58,"column":54},"end":{"line":58,"column":57}},"loc":{"start":{"line":58,"column":60},"end":{"line":58,"column":91}}}},"branchMap":{"0":{"loc":{"start":{"line":36,"column":2},"end":{"line":36,"column":42}},"type":"if","locations":[{"start":{"line":36,"column":2},"end":{"line":36,"column":42}}]},"1":{"loc":{"start":{"line":37,"column":2},"end":{"line":37,"column":50}},"type":"if","locations":[{"start":{"line":37,"column":2},"end":{"line":37,"column":50}}]},"2":{"loc":{"start":{"line":41,"column":7},"end":{"line":54,"column":30}},"type":"cond-expr","locations":[{"start":{"line":41,"column":28},"end":{"line":52,"column":8}},{"start":{"line":54,"column":6},"end":{"line":54,"column":30}}]},"3":{"loc":{"start":{"line":46,"column":15},"end":{"line":46,"column":75}},"type":"cond-expr","locations":[{"start":{"line":46,"column":44},"end":{"line":46,"column":58}},{"start":{"line":46,"column":61},"end":{"line":46,"column":75}}]},"4":{"loc":{"start":{"line":49,"column":11},"end":{"line":49,"column":67}},"type":"binary-expr","locations":[{"start":{"line":49,"column":11},"end":{"line":49,"column":37}},{"start":{"line":49,"column":41},"end":{"line":49,"column":67}}]}},"s":{"0":1,"1":1,"2":1,"3":1,"4":3,"5":3,"6":1,"7":1,"8":1,"9":5,"10":1,"11":4,"12":1,"13":3,"14":3,"15":1,"16":0,"17":0,"18":1},"f":{"0":3,"1":3,"2":5,"3":3,"4":1,"5":0,"6":0},"b":{"0":[1],"1":[1],"2":[3,0],"3":[0,3],"4":[3,0]}}
}
