TN:
SF:src/components/SearchBar.tsx
FN:12,(anonymous_1)
FN:18,(anonymous_2)
FNF:2
FNH:2
FNDA:2,(anonymous_1)
FNDA:1,(anonymous_2)
DA:2,1
DA:5,1
DA:12,1
DA:13,2
DA:18,1
DA:23,1
LF:6
LH:6
BRF:0
BRH:0
end_of_record
TN:
SF:src/components/UserDetail.tsx
FN:8,(anonymous_1)
FNF:1
FNH:1
FNDA:1,(anonymous_1)
DA:2,2
DA:4,2
DA:8,2
DA:9,1
DA:17,2
LF:5
LH:5
BRF:0
BRH:0
end_of_record
TN:
SF:src/components/UserList.tsx
FN:17,(anonymous_1)
FN:18,(anonymous_2)
FN:35,(anonymous_3)
FN:50,(anonymous_4)
FN:55,(anonymous_5)
FN:70,(anonymous_6)
FN:76,(anonymous_7)
FNF:7
FNH:5
FNDA:3,(anonymous_1)
FNDA:3,(anonymous_2)
FNDA:5,(anonymous_3)
FNDA:3,(anonymous_4)
FNDA:1,(anonymous_5)
FNDA:0,(anonymous_6)
FNDA:0,(anonymous_7)
DA:2,1
DA:4,1
DA:6,1
DA:16,1
DA:17,3
DA:18,3
DA:25,1
DA:31,1
DA:35,1
DA:44,5
DA:45,4
DA:47,3
DA:51,3
DA:55,1
DA:70,0
DA:76,0
DA:85,1
LF:17
LH:15
BRDA:44,0,0,1
BRDA:45,1,0,1
BRDA:49,2,0,3
BRDA:49,2,1,0
BRDA:58,3,0,0
BRDA:58,3,1,3
BRDA:61,4,0,3
BRDA:61,4,1,0
BRF:8
BRH:5
end_of_record
